Array
(
    [pre_reg_id] => Family Head: Jam Tulmo
Email: wynber11@gmail.com
Phone: 9032328623
Gender: Male
Date of Birth: 2003-02-11
Family Members:
- Jam Tulmo
- Wynbernard Deysolong
- Junjun Aliguin
- weqweqwe qweqqweqwe
- RenRen Adlaon
- qweqweqwe qeqweqe
- asdasdadasd asdasdasd
- Renato Deysolong

)
Raw input: Family Head: Jam Tulmo
Email: wynber11@gmail.com
Phone: 9032328623
Gender: Male
Date of Birth: 2003-02-11
Family Members:
- Jam Tulmo
- Wynbernard Deysolong
- Junjun Aliguin
- weqweqwe qweqqweqwe
- RenRen Adlaon
- qweqweqwe qeqweqe
- asdasdadasd asdasdasd
- Renato Deysolong

Extracted name: Jam Tulmo
Email: wynber11@gmail.com
Phone: 9032328623
Gender: Male
Date of Birth: 2003-02-11
Family Members:
- Jam Tulmo
- Wynbernard Deysolong
- Junjun Aliguin
- weqweqwe qweqqweqwe
- RenRen Adlaon
- qweqweqwe qeqweqe
- asdasdadasd asdasdasd
- Renato Deysolong

Array
(
    [pre_reg_id] => Family Head: Jam Tulmo
Email: wynber11@gmail.com
Phone: 9032328623
Gender: Male
Date of Birth: 2003-02-11
Family Members:
- Jam Tulmo
- Wynbernard Deysolong
- Junjun Aliguin
- weqweqwe qweqqweqwe
- RenRen Adlaon
- qweqweqwe qeqweqe
- asdasdadasd asdasdasd
- Renato Deysolong

)
Raw input: Family Head: Jam Tulmo
Email: wynber11@gmail.com
Phone: 9032328623
Gender: Male
Date of Birth: 2003-02-11
Family Members:
- Jam Tulmo
- Wynbernard Deysolong
- Junjun Aliguin
- weqweqwe qweqqweqwe
- RenRen Adlaon
- qweqweqwe qeqweqe
- asdasdadasd asdasdasd
- Renato Deysolong

Extracted name: Jam Tulmo
Email: wynber11@gmail.com
Phone: 9032328623
Gender: Male
Date of Birth: 2003-02-11
Family Members:
- Jam Tulmo
- Wynbernard Deysolong
- Junjun Aliguin
- weqweqwe qweqqweqwe
- RenRen Adlaon
- qweqweqwe qeqweqe
- asdasdadasd asdasdasd
- Renato Deysolong

Array
(
    [pre_reg_id] => pre_reg:41
Family Head: Jam Tulmo
Email: wynber11@gmail.com
Phone: 9032328623
Gender: Male
Date of Birth: 2003-02-11
Family Members:
- 41 Jam Tulmo
- 46 Wynbernard Deysolong
- 51 Junjun Aliguin
- 55 weqweqwe qweqqweqwe
- 56 RenRen Adlaon
- 83 Alyssa Mae Tulmo

)
Raw input: pre_reg:41
Family Head: Jam Tulmo
Email: wynber11@gmail.com
Phone: 9032328623
Gender: Male
Date of Birth: 2003-02-11
Family Members:
- 41 Jam Tulmo
- 46 Wynbernard Deysolong
- 51 Junjun Aliguin
- 55 weqweqwe qweqqweqwe
- 56 RenRen Adlaon
- 83 Alyssa Mae Tulmo

Extracted name: pre_reg:41
Jam Tulmo
Email: wynber11@gmail.com
Phone: 9032328623
Gender: Male
Date of Birth: 2003-02-11
Family Members:
- 41 Jam Tulmo
- 46 Wynbernard Deysolong
- 51 Junjun Aliguin
- 55 weqweqwe qweqqweqwe
- 56 RenRen Adlaon
- 83 Alyssa Mae Tulmo

Array
(
    [pre_reg_id] => pre_reg:41
Family Head: Jam Tulmo
Email: wynber11@gmail.com
Phone: 9032328623
Gender: Male
Date of Birth: 2003-02-11
Family Members:
- 41 Jam Tulmo
- 46 Wynbernard Deysolong
- 51 Junjun Aliguin
- 55 weqweqwe qweqqweqwe
- 56 RenRen Adlaon
- 83 Alyssa Mae Tulmo

)
Raw input: pre_reg:41
Family Head: Jam Tulmo
Email: wynber11@gmail.com
Phone: 9032328623
Gender: Male
Date of Birth: 2003-02-11
Family Members:
- 41 Jam Tulmo
- 46 Wynbernard Deysolong
- 51 Junjun Aliguin
- 55 weqweqwe qweqqweqwe
- 56 RenRen Adlaon
- 83 Alyssa Mae Tulmo

Extracted name: pre_reg:41
Jam Tulmo
Email: wynber11@gmail.com
Phone: 9032328623
Gender: Male
Date of Birth: 2003-02-11
Family Members:
- 41 Jam Tulmo
- 46 Wynbernard Deysolong
- 51 Junjun Aliguin
- 55 weqweqwe qweqqweqwe
- 56 RenRen Adlaon
- 83 Alyssa Mae Tulmo

Array
(
    [pre_reg_id] => pre_reg:41
Family Head: Jam Tulmo
Email: wynber11@gmail.com
Phone: 9032328623
Gender: Male
Date of Birth: 2003-02-11
Family Members:
- 41 Jam Tulmo
- 46 Wynbernard Deysolong
- 51 Junjun Aliguin
- 55 weqweqwe qweqqweqwe
- 56 RenRen Adlaon
- 83 Alyssa Mae Tulmo

)
Raw input: pre_reg:41
Family Head: Jam Tulmo
Email: wynber11@gmail.com
Phone: 9032328623
Gender: Male
Date of Birth: 2003-02-11
Family Members:
- 41 Jam Tulmo
- 46 Wynbernard Deysolong
- 51 Junjun Aliguin
- 55 weqweqwe qweqqweqwe
- 56 RenRen Adlaon
- 83 Alyssa Mae Tulmo

Extracted name: pre_reg:41
Jam Tulmo
Email: wynber11@gmail.com
Phone: 9032328623
Gender: Male
Date of Birth: 2003-02-11
Family Members:
- 41 Jam Tulmo
- 46 Wynbernard Deysolong
- 51 Junjun Aliguin
- 55 weqweqwe qweqqweqwe
- 56 RenRen Adlaon
- 83 Alyssa Mae Tulmo

Array
(
    [pre_reg_id] => pre_reg:41
Family Head: Jam Tulmo
Email: wynber11@gmail.com
Phone: 9032328623
Gender: Male
Date of Birth: 2003-02-11
Family Members:
- 41 Jam Tulmo
- 46 Wynbernard Deysolong
- 51 Junjun Aliguin
- 55 weqweqwe qweqqweqwe
- 56 RenRen Adlaon
- 83 Alyssa Mae Tulmo

)
Raw input: pre_reg:41
Family Head: Jam Tulmo
Email: wynber11@gmail.com
Phone: 9032328623
Gender: Male
Date of Birth: 2003-02-11
Family Members:
- 41 Jam Tulmo
- 46 Wynbernard Deysolong
- 51 Junjun Aliguin
- 55 weqweqwe qweqqweqwe
- 56 RenRen Adlaon
- 83 Alyssa Mae Tulmo

Extracted name: pre_reg:41
Jam Tulmo
Email: wynber11@gmail.com
Phone: 9032328623
Gender: Male
Date of Birth: 2003-02-11
Family Members:
- 41 Jam Tulmo
- 46 Wynbernard Deysolong
- 51 Junjun Aliguin
- 55 weqweqwe qweqqweqwe
- 56 RenRen Adlaon
- 83 Alyssa Mae Tulmo

Array
(
    [pre_reg_id] => pre_reg:41
Family Head: Jam Tulmo
Email: wynber11@gmail.com
Phone: 9032328623
Gender: Male
Date of Birth: 2003-02-11
Family Members:
- 41 Jam Tulmo
- 46 Wynbernard Deysolong
- 51 Junjun Aliguin
- 55 weqweqwe qweqqweqwe
- 56 RenRen Adlaon
- 83 Alyssa Mae Tulmo

)
Raw input: pre_reg:41
Family Head: Jam Tulmo
Email: wynber11@gmail.com
Phone: 9032328623
Gender: Male
Date of Birth: 2003-02-11
Family Members:
- 41 Jam Tulmo
- 46 Wynbernard Deysolong
- 51 Junjun Aliguin
- 55 weqweqwe qweqqweqwe
- 56 RenRen Adlaon
- 83 Alyssa Mae Tulmo

Extracted name: pre_reg:41
Jam Tulmo
Email: wynber11@gmail.com
Phone: 9032328623
Gender: Male
Date of Birth: 2003-02-11
Family Members:
- 41 Jam Tulmo
- 46 Wynbernard Deysolong
- 51 Junjun Aliguin
- 55 weqweqwe qweqqweqwe
- 56 RenRen Adlaon
- 83 Alyssa Mae Tulmo

